#
# A fatal error has been detected by the Java Runtime Environment:
#
#  EXCEPTION_ACCESS_VIOLATION (0xc0000005) at pc=0x00007ffca8301a86, pid=11524, tid=3808
#
# JRE version: OpenJDK Runtime Environment (11.0.10) (build 11.0.10+0-b96-7249189)
# Java VM: OpenJDK 64-Bit Server VM (11.0.10+0-b96-7249189, mixed mode, tiered, compressed oops, g1 gc, windows-amd64)
# Problematic frame:
# V  [jvm.dll+0x2d1a86]
#
# No core dump will be written. Minidumps are not enabled by default on client versions of Windows
#
# If you would like to submit a bug report, please visit:
#   https://bugreport.java.com/bugreport/crash.jsp
#

---------------  S U M M A R Y ------------

Command Line: --add-opens=java.base/java.util=ALL-UNNAMED --add-opens=java.base/java.lang=ALL-UNNAMED --add-opens=java.base/java.lang.invoke=ALL-UNNAMED --add-opens=java.base/java.util=ALL-UNNAMED --add-opens=java.prefs/java.util.prefs=ALL-UNNAMED --add-opens=java.prefs/java.util.prefs=ALL-UNNAMED --add-opens=java.base/java.nio.charset=ALL-UNNAMED --add-opens=java.base/java.net=ALL-UNNAMED --add-opens=java.base/java.util.concurrent.atomic=ALL-UNNAMED -Xmx4608m -Dfile.encoding=UTF-8 -Duser.country=MX -Duser.language=es -Duser.variant org.gradle.launcher.daemon.bootstrap.GradleDaemon 7.0.2

Host: AMD Ryzen 5 1400 Quad-Core Processor           , 8 cores, 7G,  Windows 10 , 64 bit Build 19041 (10.0.19041.1202)
Time: Fri Sep 24 12:08:37 2021 Hora verano, Montañas (México) elapsed time: 8.402145 seconds (0d 0h 0m 8s)

---------------  T H R E A D  ---------------

Current thread (0x000001bd0777e800):  ConcurrentGCThread "G1 Conc#1" [stack: 0x00000067a1400000,0x00000067a1500000] [id=3808]

Stack: [0x00000067a1400000,0x00000067a1500000],  sp=0x00000067a14ffa60,  free space=1022k
Native frames: (J=compiled Java code, j=interpreted, Vv=VM code, C=native code)
V  [jvm.dll+0x2d1a86]
V  [jvm.dll+0x2dffcf]
V  [jvm.dll+0x2e30d7]
V  [jvm.dll+0x2e1d96]
V  [jvm.dll+0x2e395b]
V  [jvm.dll+0x2e2579]
V  [jvm.dll+0x2e6b46]
V  [jvm.dll+0x748da0]
V  [jvm.dll+0x6e3d45]
V  [jvm.dll+0x5ebe96]
C  [ucrtbase.dll+0x21bb2]
C  [KERNEL32.DLL+0x17034]
C  [ntdll.dll+0x52651]


siginfo: EXCEPTION_ACCESS_VIOLATION (0xc0000005), writing address 0x000000000000004f


Register to memory mapping:

RIP=0x00007ffca8301a86 jvm.dll
RAX=0x00000006e154b300 is pointing into object: java.util.concurrent.ConcurrentHashMap$Node 
{0x00000006e154b2e8} - klass: 'java/util/concurrent/ConcurrentHashMap$Node'
RBX=0x0 is NULL
RCX=0x0 is NULL
RDX=0x0000000800001000 is a pointer to class: 
java.lang.Object {0x0000000800001008}
RSP=0x00000067a14ffa60 points into unknown readable memory: 0x0000000000000004 | 04 00 00 00 00 00 00 00
RBP=0x00000067a14ffbe8 points into unknown readable memory: 0x00007ffca884ef20 | 20 ef 84 a8 fc 7f 00 00
RSI=0x00000006e154b338 is an oop: java.lang.Object 
{0x00000006e154b338} - klass: 'java/lang/Object'
RDI=0x0000000800001004 is pointing into metadata
R8 =0x0000000000000001 is an unknown value
R9 =0x0000000800000000 is pointing into metadata
R10=0x000001bd64becb30 points into unknown readable memory: 0x000001bd64bff800 | 00 f8 bf 64 bd 01 00 00
R11=0x346dc5d63886594b is an unknown value
R12=0x000000000000000c is an unknown value
R13=0xaaaaaaaaaaaaaaab is an unknown value
R14=0x000001bd06ba6101 points into unknown readable memory: 61 76 61 2e 6c 61 6e
R15=0x00000067a14ffbc0 points into unknown readable memory: 0x000001bd64becb30 | 30 cb be 64 bd 01 00 00


Registers:
RAX=0x00000006e154b300, RBX=0x0000000000000000, RCX=0x0000000000000000, RDX=0x0000000800001000
RSP=0x00000067a14ffa60, RBP=0x00000067a14ffbe8, RSI=0x00000006e154b338, RDI=0x0000000800001004
R8 =0x0000000000000001, R9 =0x0000000800000000, R10=0x000001bd64becb30, R11=0x346dc5d63886594b
R12=0x000000000000000c, R13=0xaaaaaaaaaaaaaaab, R14=0x000001bd06ba6101, R15=0x00000067a14ffbc0
RIP=0x00007ffca8301a86, EFLAGS=0x0000000000010212

Top of Stack: (sp=0x00000067a14ffa60)
0x00000067a14ffa60:   0000000000000004 00000067a14ffbe8
0x00000067a14ffa70:   00000006e154b318 0000000000000040
0x00000067a14ffa80:   00000006e154b338 00007ffca830ffcf
0x00000067a14ffa90:   000001bd64c024e0 0000000000580000
0x00000067a14ffaa0:   0000000000000000 0000000000000000
0x00000067a14ffab0:   000001bd64c024e0 00007ffca83130d7
0x00000067a14ffac0:   0000000000000040 000001bd64c024e0
0x00000067a14ffad0:   0000000000000000 0000000000000000
0x00000067a14ffae0:   00000006e2ba2e40 00007ffca8311d96
0x00000067a14ffaf0:   00000006e154b338 00000067a14ffbc0
0x00000067a14ffb00:   00000006e154b338 00000000005745c8
0x00000067a14ffb10:   000001bd64becb48 00007ffca831395b
0x00000067a14ffb20:   00000006e2ba2e40 00000000005745b9
0x00000067a14ffb30:   00000006e2ba2e40 000001bd64c024e0
0x00000067a14ffb40:   0000000000000000 000001bd06ba6101
0x00000067a14ffb50:   0000000000000001 00007ffca8312579 

Instructions: (pc=0x00007ffca8301a86)
0x00007ffca8301986:   00 4c 8d 0d 72 90 e5 ff 48 8d 05 6b 90 e5 ff 49
0x00007ffca8301996:   0f 45 c1 48 89 05 a0 18 6c 00 48 ff e0 cc cc cc
0x00007ffca83019a6:   cc cc cc cc cc cc cc cc cc cc 48 83 ec 38 80 3d
0x00007ffca83019b6:   d4 5b 72 00 00 4c 8b d2 48 8b d1 74 3a 80 3d ce
0x00007ffca83019c6:   5b 72 00 00 74 15 8b 41 08 8b 0d 43 d1 6d 00 48
0x00007ffca83019d6:   d3 e0 48 03 05 31 d1 6d 00 eb 04 48 8b 41 08 44
0x00007ffca83019e6:   89 4c 24 20 48 8b c8 45 8b c8 4d 8b c2 e8 e8 20
0x00007ffca83019f6:   00 00 48 83 c4 38 c3 80 3d 94 5b 72 00 00 74 15
0x00007ffca8301a06:   8b 41 08 8b 0d 09 d1 6d 00 48 d3 e0 48 03 05 f7
0x00007ffca8301a16:   d0 6d 00 eb 04 48 8b 41 08 44 89 4c 24 20 48 8b
0x00007ffca8301a26:   c8 45 8b c8 4d 8b c2 e8 be 21 00 00 48 83 c4 38
0x00007ffca8301a36:   c3 cc cc cc cc cc cc cc cc cc 48 89 5c 24 08 48
0x00007ffca8301a46:   89 6c 24 10 48 89 74 24 18 57 48 83 ec 20 80 3d
0x00007ffca8301a56:   3d 5b 72 00 00 48 8b ea 48 8b f1 74 15 8b 79 08
0x00007ffca8301a66:   8b 0d ac d0 6d 00 48 d3 e7 48 03 3d 9a d0 6d 00
0x00007ffca8301a76:   eb 04 48 8b 79 08 48 8b d7 48 8b ce e8 59 af eb
0x00007ffca8301a86:   ff 4c 63 4f 0c 8b d8 48 8d 05 8c 17 6c 00 4c 8b
0x00007ffca8301a96:   c7 48 8b d6 48 8b cd 42 ff 14 c8 48 8b 6c 24 38
0x00007ffca8301aa6:   8b c3 48 8b 5c 24 30 48 8b 74 24 40 48 83 c4 20
0x00007ffca8301ab6:   5f c3 cc cc cc cc cc cc cc cc 48 89 5c 24 08 48
0x00007ffca8301ac6:   89 6c 24 10 48 89 74 24 18 57 41 56 41 57 48 83
0x00007ffca8301ad6:   ec 20 49 8b e8 4c 8b f2 48 8b f9 48 8b d5 48 8b
0x00007ffca8301ae6:   89 98 00 00 00 45 33 c9 41 b0 01 e8 0a e5 ef ff
0x00007ffca8301af6:   48 63 9f c4 00 00 00 48 8b cf e8 9b 6f 1f 00 4c
0x00007ffca8301b06:   8d 14 d8 48 63 87 34 01 00 00 49 8d 34 c2 8b 87
0x00007ffca8301b16:   30 01 00 00 4c 8d 3c c6 49 3b f7 73 6c 0f 1f 40
0x00007ffca8301b26:   00 66 0f 1f 84 00 00 00 00 00 48 63 1e 8b 46 04
0x00007ffca8301b36:   49 03 de 48 8d 3c 83 48 3b df 73 44 0f 1f 40 00
0x00007ffca8301b46:   66 66 0f 1f 84 00 00 00 00 00 48 8b 45 18 48 ff
0x00007ffca8301b56:   80 c0 00 00 00 8b 0b 85 c9 74 1c 8b d1 8b 0d 9f
0x00007ffca8301b66:   cf 6d 00 48 d3 e2 48 03 15 8d cf 6d 00 74 08 48
0x00007ffca8301b76:   8b c8 e8 d3 87 00 00 48 83 c3 04 48 3b df 72 ca 


Stack slot to memory mapping:
stack at sp + 0 slots: 0x0000000000000004 is an unknown value
stack at sp + 1 slots: 0x00000067a14ffbe8 points into unknown readable memory: 0x00007ffca884ef20 | 20 ef 84 a8 fc 7f 00 00
stack at sp + 2 slots: 0x00000006e154b318 is an oop: java.util.concurrent.ConcurrentHashMap$Node 
{0x00000006e154b318} - klass: 'java/util/concurrent/ConcurrentHashMap$Node'
stack at sp + 3 slots: 64 is a compressed pointer to class: 0x0000000800000040
stack at sp + 4 slots: 0x00000006e154b338 is an oop: java.lang.Object 
{0x00000006e154b338} - klass: 'java/lang/Object'
stack at sp + 5 slots: 0x00007ffca830ffcf jvm.dll
stack at sp + 6 slots: 0x000001bd64c024e0 points into unknown readable memory: 0x00007ffca884efa0 | a0 ef 84 a8 fc 7f 00 00
stack at sp + 7 slots: 0x0000000000580000 is an unknown value


---------------  P R O C E S S  ---------------

Threads class SMR info:
_java_thread_list=0x000001bd0bf5f910, length=52, elements={
0x000001bd64b7e000, 0x000001bd7ef64000, 0x000001bd7ef71800, 0x000001bd7f7f4800,
0x000001bd7f7f7000, 0x000001bd7f7f9800, 0x000001bd7f7fb000, 0x000001bd7f7ff800,
0x000001bd7f829000, 0x000001bd7f827800, 0x000001bd7f828800, 0x000001bd7f82a000,
0x000001bd7f82b000, 0x000001bd7f82b800, 0x000001bd7f826000, 0x000001bd7f82c800,
0x000001bd7f827000, 0x000001bd089ca800, 0x000001bd089c8800, 0x000001bd089cb800,
0x000001bd089cc800, 0x000001bd089c6800, 0x000001bd089c9000, 0x000001bd07b26800,
0x000001bd089ca000, 0x000001bd089cd000, 0x000001bd089c7800, 0x000001bd0885f000,
0x000001bd08860800, 0x000001bd08861800, 0x000001bd08862800, 0x000001bd08860000,
0x000001bd08863000, 0x000001bd0885d800, 0x000001bd0885e000, 0x000001bd08865800,
0x000001bd08867000, 0x000001bd08866800, 0x000001bd08869800, 0x000001bd08868000,
0x000001bd08869000, 0x000001bd0886a800, 0x000001bd08865000, 0x000001bd0886b800,
0x000001bd0beaf800, 0x000001bd0beb2800, 0x000001bd0beb3800, 0x000001bd0beb5000,
0x000001bd0beb4800, 0x000001bd0beb0000, 0x000001bd06ffe800, 0x000001bd0beb6000
}

Java Threads: ( => current thread )
  0x000001bd64b7e000 JavaThread "main" [_thread_blocked, id=11608, stack(0x000000679f000000,0x000000679f100000)]
  0x000001bd7ef64000 JavaThread "Reference Handler" daemon [_thread_blocked, id=13164, stack(0x000000679f700000,0x000000679f800000)]
  0x000001bd7ef71800 JavaThread "Finalizer" daemon [_thread_blocked, id=3600, stack(0x000000679f800000,0x000000679f900000)]
  0x000001bd7f7f4800 JavaThread "Signal Dispatcher" daemon [_thread_blocked, id=580, stack(0x000000679f900000,0x000000679fa00000)]
  0x000001bd7f7f7000 JavaThread "Attach Listener" daemon [_thread_blocked, id=6332, stack(0x000000679fa00000,0x000000679fb00000)]
  0x000001bd7f7f9800 JavaThread "Service Thread" daemon [_thread_blocked, id=5116, stack(0x000000679fb00000,0x000000679fc00000)]
  0x000001bd7f7fb000 JavaThread "C2 CompilerThread0" daemon [_thread_in_native, id=1304, stack(0x000000679fc00000,0x000000679fd00000)]
  0x000001bd7f7ff800 JavaThread "C1 CompilerThread0" daemon [_thread_in_native, id=9184, stack(0x000000679fd00000,0x000000679fe00000)]
  0x000001bd7f829000 JavaThread "Sweeper thread" daemon [_thread_blocked, id=2012, stack(0x000000679fe00000,0x000000679ff00000)]
  0x000001bd7f827800 JavaThread "Common-Cleaner" daemon [_thread_blocked, id=13188, stack(0x000000679ff00000,0x00000067a0000000)]
  0x000001bd7f828800 JavaThread "Daemon health stats" [_thread_blocked, id=10472, stack(0x00000067a0500000,0x00000067a0600000)]
  0x000001bd7f82a000 JavaThread "Incoming local TCP Connector on port 60902" [_thread_in_native, id=10224, stack(0x00000067a0600000,0x00000067a0700000)]
  0x000001bd7f82b000 JavaThread "Daemon periodic checks" [_thread_blocked, id=6952, stack(0x00000067a0700000,0x00000067a0800000)]
  0x000001bd7f82b800 JavaThread "Daemon" [_thread_blocked, id=9652, stack(0x00000067a0800000,0x00000067a0900000)]
  0x000001bd7f826000 JavaThread "Handler for socket connection from /127.0.0.1:60902 to /127.0.0.1:60903" [_thread_in_native, id=2900, stack(0x00000067a0900000,0x00000067a0a00000)]
  0x000001bd7f82c800 JavaThread "Cancel handler" [_thread_blocked, id=6148, stack(0x00000067a0a00000,0x00000067a0b00000)]
  0x000001bd7f827000 JavaThread "Daemon worker" [_thread_in_Java, id=32, stack(0x00000067a0b00000,0x00000067a0c00000)]
  0x000001bd089ca800 JavaThread "Asynchronous log dispatcher for DefaultDaemonConnection: socket connection from /127.0.0.1:60902 to /127.0.0.1:60903" [_thread_blocked, id=14692, stack(0x00000067a0c00000,0x00000067a0d00000)]
  0x000001bd089c8800 JavaThread "Stdin handler" [_thread_blocked, id=3832, stack(0x00000067a0d00000,0x00000067a0e00000)]
  0x000001bd089cb800 JavaThread "Daemon client event forwarder" [_thread_blocked, id=13784, stack(0x00000067a0e00000,0x00000067a0f00000)]
  0x000001bd089cc800 JavaThread "Cache worker for file hash cache (C:\Users\busta\.gradle\caches\7.0.2\fileHashes)" [_thread_blocked, id=8944, stack(0x00000067a0100000,0x00000067a0200000)]
  0x000001bd089c6800 JavaThread "File lock request listener" [_thread_in_native, id=8496, stack(0x00000067a0200000,0x00000067a0300000)]
  0x000001bd089c9000 JavaThread "Cache worker for journal cache (C:\Users\busta\.gradle\caches\journal-1)" [_thread_blocked, id=14976, stack(0x00000067a1500000,0x00000067a1600000)]
  0x000001bd07b26800 JavaThread "C2 CompilerThread1" daemon [_thread_blocked, id=2296, stack(0x00000067a1600000,0x00000067a1700000)]
  0x000001bd089ca000 JavaThread "Cache worker for file hash cache (C:\Users\busta\AndroidStudioProjects\android_spotify\.gradle\7.0.2\fileHashes)" [_thread_blocked, id=5516, stack(0x00000067a1700000,0x00000067a1800000)]
  0x000001bd089cd000 JavaThread "File watcher server" daemon [_thread_in_native, id=13856, stack(0x00000067a1800000,0x00000067a1900000)]
  0x000001bd089c7800 JavaThread "File watcher consumer" daemon [_thread_blocked, id=7812, stack(0x00000067a1900000,0x00000067a1a00000)]
  0x000001bd0885f000 JavaThread "Cache worker for checksums cache (C:\Users\busta\AndroidStudioProjects\android_spotify\.gradle\checksums)" [_thread_blocked, id=1496, stack(0x00000067a1a00000,0x00000067a1b00000)]
  0x000001bd08860800 JavaThread "Cache worker for cache directory md-supplier (C:\Users\busta\.gradle\caches\7.0.2\md-supplier)" [_thread_blocked, id=12344, stack(0x00000067a1b00000,0x00000067a1c00000)]
  0x000001bd08861800 JavaThread "Cache worker for cache directory md-rule (C:\Users\busta\.gradle\caches\7.0.2\md-rule)" [_thread_blocked, id=7360, stack(0x00000067a1d00000,0x00000067a1e00000)]
  0x000001bd08862800 JavaThread "Cache worker for execution history cache (C:\Users\busta\.gradle\caches\7.0.2\executionHistory)" [_thread_blocked, id=12536, stack(0x00000067a1e00000,0x00000067a1f00000)]
  0x000001bd08860000 JavaThread "jar transforms" [_thread_blocked, id=15016, stack(0x00000067a1f00000,0x00000067a2000000)]
  0x000001bd08863000 JavaThread "jar transforms Thread 2" [_thread_blocked, id=10188, stack(0x00000067a2000000,0x00000067a2100000)]
  0x000001bd0885d800 JavaThread "Cache worker for file content cache (C:\Users\busta\.gradle\caches\7.0.2\fileContent)" [_thread_blocked, id=11908, stack(0x00000067a2100000,0x00000067a2200000)]
  0x000001bd0885e000 JavaThread "Cache worker for dependencies-accessors (C:\Users\busta\AndroidStudioProjects\android_spotify\.gradle\7.0.2\dependencies-accessors)" [_thread_blocked, id=10120, stack(0x00000067a2200000,0x00000067a2300000)]
  0x000001bd08865800 JavaThread "jar transforms Thread 3" [_thread_blocked, id=1696, stack(0x00000067a2300000,0x00000067a2400000)]
  0x000001bd08867000 JavaThread "Cache worker for Build Output Cleanup Cache (C:\Users\busta\AndroidStudioProjects\android_spotify\.gradle\buildOutputCleanup)" [_thread_blocked, id=4988, stack(0x00000067a2400000,0x00000067a2500000)]
  0x000001bd08866800 JavaThread "Build operations" [_thread_blocked, id=9128, stack(0x00000067a2500000,0x00000067a2600000)]
  0x000001bd08869800 JavaThread "Build operations Thread 2" [_thread_blocked, id=9760, stack(0x00000067a2600000,0x00000067a2700000)]
  0x000001bd08868000 JavaThread "Build operations Thread 3" [_thread_blocked, id=1004, stack(0x00000067a2700000,0x00000067a2800000)]
  0x000001bd08869000 JavaThread "Build operations Thread 4" [_thread_blocked, id=13988, stack(0x00000067a2800000,0x00000067a2900000)]
  0x000001bd0886a800 JavaThread "Build operations Thread 5" [_thread_blocked, id=14980, stack(0x00000067a2900000,0x00000067a2a00000)]
  0x000001bd08865000 JavaThread "Build operations Thread 6" [_thread_blocked, id=8864, stack(0x00000067a2a00000,0x00000067a2b00000)]
  0x000001bd0886b800 JavaThread "Build operations Thread 7" [_thread_blocked, id=13984, stack(0x00000067a2b00000,0x00000067a2c00000)]
  0x000001bd0beaf800 JavaThread "Build operations Thread 8" [_thread_blocked, id=9112, stack(0x00000067a2c00000,0x00000067a2d00000)]
  0x000001bd0beb2800 JavaThread "jar transforms Thread 4" [_thread_blocked, id=1788, stack(0x00000067a2d00000,0x00000067a2e00000)]
  0x000001bd0beb3800 JavaThread "jar transforms Thread 5" [_thread_blocked, id=2120, stack(0x00000067a2e00000,0x00000067a2f00000)]
  0x000001bd0beb5000 JavaThread "jar transforms Thread 6" [_thread_blocked, id=11776, stack(0x00000067a2f00000,0x00000067a3000000)]
  0x000001bd0beb4800 JavaThread "jar transforms Thread 7" [_thread_blocked, id=13236, stack(0x00000067a3000000,0x00000067a3100000)]
  0x000001bd0beb0000 JavaThread "jar transforms Thread 8" [_thread_blocked, id=5964, stack(0x00000067a3100000,0x00000067a3200000)]
  0x000001bd06ffe800 JavaThread "C2 CompilerThread2" daemon [_thread_blocked, id=14404, stack(0x00000067a1c00000,0x00000067a1d00000)]
  0x000001bd0beb6000 JavaThread "Memory manager" [_thread_blocked, id=14756, stack(0x00000067a3200000,0x00000067a3300000)]

Other Threads:
  0x000001bd7f7a6000 VMThread "VM Thread" [stack: 0x000000679f600000,0x000000679f700000] [id=760]
  0x000001bd7f9b5000 WatcherThread [stack: 0x00000067a0000000,0x00000067a0100000] [id=8480]
  0x000001bd64b95800 GCTaskThread "GC Thread#0" [stack: 0x000000679f100000,0x000000679f200000] [id=7892]
  0x000001bd076d3800 GCTaskThread "GC Thread#1" [stack: 0x00000067a0300000,0x00000067a0400000] [id=2972]
  0x000001bd0719d000 GCTaskThread "GC Thread#2" [stack: 0x00000067a0400000,0x00000067a0500000] [id=9536]
  0x000001bd08de2000 GCTaskThread "GC Thread#3" [stack: 0x00000067a0f00000,0x00000067a1000000] [id=9868]
  0x000001bd07b17800 GCTaskThread "GC Thread#4" [stack: 0x00000067a1000000,0x00000067a1100000] [id=5384]
  0x000001bd07643000 GCTaskThread "GC Thread#5" [stack: 0x00000067a1100000,0x00000067a1200000] [id=15212]
  0x000001bd093b9800 GCTaskThread "GC Thread#6" [stack: 0x00000067a1200000,0x00000067a1300000] [id=1808]
  0x000001bd093ba800 GCTaskThread "GC Thread#7" [stack: 0x00000067a1300000,0x00000067a1400000] [id=8344]
  0x000001bd64bff800 ConcurrentGCThread "G1 Main Marker" [stack: 0x000000679f200000,0x000000679f300000] [id=11504]
  0x000001bd64c00800 ConcurrentGCThread "G1 Conc#0" [stack: 0x000000679f300000,0x000000679f400000] [id=10280]
=>0x000001bd0777e800 ConcurrentGCThread "G1 Conc#1" [stack: 0x00000067a1400000,0x00000067a1500000] [id=3808]
  0x000001bd7edca800 ConcurrentGCThread "G1 Refine#0" [stack: 0x000000679f400000,0x000000679f500000] [id=12400]
  0x000001bd7edcb000 ConcurrentGCThread "G1 Young RemSet Sampling" [stack: 0x000000679f500000,0x000000679f600000] [id=7276]

Threads with active compile tasks:
C2 CompilerThread0   8438 6304   !   4       jdk.internal.loader.Resource::getBytes (242 bytes)

VM state:not at safepoint (normal execution)

VM Mutex/Monitor currently owned by a thread: None

Heap address: 0x00000006e0000000, size: 4608 MB, Compressed Oops mode: Zero based, Oop shift amount: 3
Narrow klass base: 0x0000000800000000, Narrow klass shift: 0
Compressed class space size: 1073741824 Address: 0x0000000800000000

Heap:
 garbage-first heap   total 189440K, used 59008K [0x00000006e0000000, 0x0000000800000000)
  region size 1024K, 12 young (12288K), 7 survivors (7168K)
 Metaspace       used 64980K, capacity 66474K, committed 66688K, reserved 1107968K
  class space    used 8252K, capacity 8828K, committed 8832K, reserved 1048576K
Heap Regions: E=young(eden), S=young(survivor), O=old, HS=humongous(starts), HC=humongous(continues), CS=collection set, F=free, A=archive, TAMS=top-at-mark-start (previous, next)
|   0|0x00000006e0000000, 0x00000006e0100000, 0x00000006e0100000|100%| O|  |TAMS 0x00000006e0100000, 0x00000006e0100000| Untracked 
|   1|0x00000006e0100000, 0x00000006e0200000, 0x00000006e0200000|100%| O|  |TAMS 0x00000006e0200000, 0x00000006e0200000| Untracked 
|   2|0x00000006e0200000, 0x00000006e0300000, 0x00000006e0300000|100%| O|  |TAMS 0x00000006e0300000, 0x00000006e0300000| Untracked 
|   3|0x00000006e0300000, 0x00000006e0400000, 0x00000006e0400000|100%|HS|  |TAMS 0x00000006e0400000, 0x00000006e0400000| Complete 
|   4|0x00000006e0400000, 0x00000006e0500000, 0x00000006e0500000|100%|HC|  |TAMS 0x00000006e0500000, 0x00000006e0500000| Complete 
|   5|0x00000006e0500000, 0x00000006e0600000, 0x00000006e0600000|100%|HC|  |TAMS 0x00000006e0600000, 0x00000006e0600000| Complete 
|   6|0x00000006e0600000, 0x00000006e0700000, 0x00000006e0700000|100%| O|  |TAMS 0x00000006e0700000, 0x00000006e0700000| Untracked 
|   7|0x00000006e0700000, 0x00000006e0800000, 0x00000006e0800000|100%| O|  |TAMS 0x00000006e0800000, 0x00000006e0800000| Untracked 
|   8|0x00000006e0800000, 0x00000006e0900000, 0x00000006e0900000|100%| O|  |TAMS 0x00000006e0900000, 0x00000006e0900000| Untracked 
|   9|0x00000006e0900000, 0x00000006e0a00000, 0x00000006e0a00000|100%| O|  |TAMS 0x00000006e0a00000, 0x00000006e0a00000| Untracked 
|  10|0x00000006e0a00000, 0x00000006e0b00000, 0x00000006e0b00000|100%| O|  |TAMS 0x00000006e0b00000, 0x00000006e0b00000| Untracked 
|  11|0x00000006e0b00000, 0x00000006e0c00000, 0x00000006e0c00000|100%| O|  |TAMS 0x00000006e0c00000, 0x00000006e0c00000| Untracked 
|  12|0x00000006e0c00000, 0x00000006e0d00000, 0x00000006e0d00000|100%| O|  |TAMS 0x00000006e0d00000, 0x00000006e0d00000| Untracked 
|  13|0x00000006e0d00000, 0x00000006e0e00000, 0x00000006e0e00000|100%| O|  |TAMS 0x00000006e0e00000, 0x00000006e0e00000| Untracked 
|  14|0x00000006e0e00000, 0x00000006e0f00000, 0x00000006e0f00000|100%| O|  |TAMS 0x00000006e0f00000, 0x00000006e0f00000| Untracked 
|  15|0x00000006e0f00000, 0x00000006e1000000, 0x00000006e1000000|100%| O|  |TAMS 0x00000006e1000000, 0x00000006e1000000| Untracked 
|  16|0x00000006e1000000, 0x00000006e1100000, 0x00000006e1100000|100%|HS|  |TAMS 0x00000006e1100000, 0x00000006e1100000| Complete 
|  17|0x00000006e1100000, 0x00000006e1200000, 0x00000006e1200000|100%| O|  |TAMS 0x00000006e1200000, 0x00000006e1200000| Untracked 
|  18|0x00000006e1200000, 0x00000006e1300000, 0x00000006e1300000|100%| O|  |TAMS 0x00000006e1300000, 0x00000006e1300000| Untracked 
|  19|0x00000006e1300000, 0x00000006e1400000, 0x00000006e1400000|100%| O|  |TAMS 0x00000006e1400000, 0x00000006e1400000| Untracked 
|  20|0x00000006e1400000, 0x00000006e1500000, 0x00000006e1500000|100%| O|  |TAMS 0x00000006e1500000, 0x00000006e1500000| Untracked 
|  21|0x00000006e1500000, 0x00000006e1600000, 0x00000006e1600000|100%| O|  |TAMS 0x00000006e1600000, 0x00000006e1600000| Untracked 
|  22|0x00000006e1600000, 0x00000006e1700000, 0x00000006e1700000|100%| O|  |TAMS 0x00000006e1700000, 0x00000006e1700000| Untracked 
|  23|0x00000006e1700000, 0x00000006e1800000, 0x00000006e1800000|100%|HS|  |TAMS 0x00000006e1800000, 0x00000006e1800000| Complete 
|  24|0x00000006e1800000, 0x00000006e1900000, 0x00000006e1900000|100%|HS|  |TAMS 0x00000006e1900000, 0x00000006e1900000| Complete 
|  25|0x00000006e1900000, 0x00000006e1a00000, 0x00000006e1a00000|100%|HS|  |TAMS 0x00000006e1a00000, 0x00000006e1a00000| Complete 
|  26|0x00000006e1a00000, 0x00000006e1b00000, 0x00000006e1b00000|100%|HC|  |TAMS 0x00000006e1b00000, 0x00000006e1b00000| Complete 
|  27|0x00000006e1b00000, 0x00000006e1c00000, 0x00000006e1c00000|100%|HC|  |TAMS 0x00000006e1c00000, 0x00000006e1c00000| Complete 
|  28|0x00000006e1c00000, 0x00000006e1d00000, 0x00000006e1d00000|100%|HS|  |TAMS 0x00000006e1d00000, 0x00000006e1d00000| Complete 
|  29|0x00000006e1d00000, 0x00000006e1e00000, 0x00000006e1e00000|100%|HC|  |TAMS 0x00000006e1e00000, 0x00000006e1e00000| Complete 
|  30|0x00000006e1e00000, 0x00000006e1f00000, 0x00000006e1f00000|100%| O|  |TAMS 0x00000006e1f00000, 0x00000006e1f00000| Untracked 
|  31|0x00000006e1f00000, 0x00000006e2000000, 0x00000006e2000000|100%| O|  |TAMS 0x00000006e2000000, 0x00000006e2000000| Untracked 
|  32|0x00000006e2000000, 0x00000006e2100000, 0x00000006e2100000|100%| O|  |TAMS 0x00000006e2100000, 0x00000006e2100000| Untracked 
|  33|0x00000006e2100000, 0x00000006e2200000, 0x00000006e2200000|100%| O|  |TAMS 0x00000006e2200000, 0x00000006e2200000| Untracked 
|  34|0x00000006e2200000, 0x00000006e2300000, 0x00000006e2300000|100%| O|  |TAMS 0x00000006e2300000, 0x00000006e2300000| Untracked 
|  35|0x00000006e2300000, 0x00000006e2400000, 0x00000006e2400000|100%| O|  |TAMS 0x00000006e2400000, 0x00000006e2400000| Untracked 
|  36|0x00000006e2400000, 0x00000006e2500000, 0x00000006e2500000|100%| O|  |TAMS 0x00000006e2500000, 0x00000006e2500000| Untracked 
|  37|0x00000006e2500000, 0x00000006e2600000, 0x00000006e2600000|100%| O|  |TAMS 0x00000006e2600000, 0x00000006e2600000| Untracked 
|  38|0x00000006e2600000, 0x00000006e2700000, 0x00000006e2700000|100%| O|  |TAMS 0x00000006e2700000, 0x00000006e2700000| Untracked 
|  39|0x00000006e2700000, 0x00000006e2800000, 0x00000006e2800000|100%| O|  |TAMS 0x00000006e2800000, 0x00000006e2800000| Untracked 
|  40|0x00000006e2800000, 0x00000006e2900000, 0x00000006e2900000|100%| O|  |TAMS 0x00000006e2900000, 0x00000006e2900000| Untracked 
|  41|0x00000006e2900000, 0x00000006e2a00000, 0x00000006e2a00000|100%| O|  |TAMS 0x00000006e2a00000, 0x00000006e2a00000| Untracked 
|  42|0x00000006e2a00000, 0x00000006e2b00000, 0x00000006e2b00000|100%| O|  |TAMS 0x00000006e2b00000, 0x00000006e2b00000| Untracked 
|  43|0x00000006e2b00000, 0x00000006e2c00000, 0x00000006e2c00000|100%| O|  |TAMS 0x00000006e2c00000, 0x00000006e2c00000| Untracked 
|  44|0x00000006e2c00000, 0x00000006e2d00000, 0x00000006e2d00000|100%| O|  |TAMS 0x00000006e2d00000, 0x00000006e2d00000| Untracked 
|  45|0x00000006e2d00000, 0x00000006e2e00000, 0x00000006e2e00000|100%| O|  |TAMS 0x00000006e2e00000, 0x00000006e2e00000| Untracked 
|  46|0x00000006e2e00000, 0x00000006e2ed9400, 0x00000006e2f00000| 84%| O|  |TAMS 0x00000006e2ed9400, 0x00000006e2ed9400| Untracked 
|  47|0x00000006e2f00000, 0x00000006e2f00000, 0x00000006e3000000|  0%| F|  |TAMS 0x00000006e2f00000, 0x00000006e2f00000| Untracked 
|  48|0x00000006e3000000, 0x00000006e3000000, 0x00000006e3100000|  0%| F|  |TAMS 0x00000006e3000000, 0x00000006e3000000| Untracked 
|  49|0x00000006e3100000, 0x00000006e3100000, 0x00000006e3200000|  0%| F|  |TAMS 0x00000006e3100000, 0x00000006e3100000| Untracked 
|  50|0x00000006e3200000, 0x00000006e3200000, 0x00000006e3300000|  0%| F|  |TAMS 0x00000006e3200000, 0x00000006e3200000| Untracked 
|  51|0x00000006e3300000, 0x00000006e3300000, 0x00000006e3400000|  0%| F|  |TAMS 0x00000006e3300000, 0x00000006e3300000| Untracked 
|  52|0x00000006e3400000, 0x00000006e3400000, 0x00000006e3500000|  0%| F|  |TAMS 0x00000006e3400000, 0x00000006e3400000| Untracked 
|  53|0x00000006e3500000, 0x00000006e3500000, 0x00000006e3600000|  0%| F|  |TAMS 0x00000006e3500000, 0x00000006e3500000| Untracked 
|  54|0x00000006e3600000, 0x00000006e3600000, 0x00000006e3700000|  0%| F|  |TAMS 0x00000006e3600000, 0x00000006e3600000| Untracked 
|  55|0x00000006e3700000, 0x00000006e3700000, 0x00000006e3800000|  0%| F|  |TAMS 0x00000006e3700000, 0x00000006e3700000| Untracked 
|  56|0x00000006e3800000, 0x00000006e3800000, 0x00000006e3900000|  0%| F|  |TAMS 0x00000006e3800000, 0x00000006e3800000| Untracked 
|  57|0x00000006e3900000, 0x00000006e3900000, 0x00000006e3a00000|  0%| F|  |TAMS 0x00000006e3900000, 0x00000006e3900000| Untracked 
|  58|0x00000006e3a00000, 0x00000006e3a00000, 0x00000006e3b00000|  0%| F|  |TAMS 0x00000006e3a00000, 0x00000006e3a00000| Untracked 
|  59|0x00000006e3b00000, 0x00000006e3b00000, 0x00000006e3c00000|  0%| F|  |TAMS 0x00000006e3b00000, 0x00000006e3b00000| Untracked 
|  60|0x00000006e3c00000, 0x00000006e3c00000, 0x00000006e3d00000|  0%| F|  |TAMS 0x00000006e3c00000, 0x00000006e3c00000| Untracked 
|  61|0x00000006e3d00000, 0x00000006e3d00000, 0x00000006e3e00000|  0%| F|  |TAMS 0x00000006e3d00000, 0x00000006e3d00000| Untracked 
|  62|0x00000006e3e00000, 0x00000006e3e00000, 0x00000006e3f00000|  0%| F|  |TAMS 0x00000006e3e00000, 0x00000006e3e00000| Untracked 
|  63|0x00000006e3f00000, 0x00000006e3f00000, 0x00000006e4000000|  0%| F|  |TAMS 0x00000006e3f00000, 0x00000006e3f00000| Untracked 
|  64|0x00000006e4000000, 0x00000006e4000000, 0x00000006e4100000|  0%| F|  |TAMS 0x00000006e4000000, 0x00000006e4000000| Untracked 
|  65|0x00000006e4100000, 0x00000006e4100000, 0x00000006e4200000|  0%| F|  |TAMS 0x00000006e4100000, 0x00000006e4100000| Untracked 
|  66|0x00000006e4200000, 0x00000006e4200000, 0x00000006e4300000|  0%| F|  |TAMS 0x00000006e4200000, 0x00000006e4200000| Untracked 
|  67|0x00000006e4300000, 0x00000006e4300000, 0x00000006e4400000|  0%| F|  |TAMS 0x00000006e4300000, 0x00000006e4300000| Untracked 
|  68|0x00000006e4400000, 0x00000006e4400000, 0x00000006e4500000|  0%| F|  |TAMS 0x00000006e4400000, 0x00000006e4400000| Untracked 
|  69|0x00000006e4500000, 0x00000006e4500000, 0x00000006e4600000|  0%| F|  |TAMS 0x00000006e4500000, 0x00000006e4500000| Untracked 
|  70|0x00000006e4600000, 0x00000006e4600000, 0x00000006e4700000|  0%| F|  |TAMS 0x00000006e4600000, 0x00000006e4600000| Untracked 
|  71|0x00000006e4700000, 0x00000006e4700000, 0x00000006e4800000|  0%| F|  |TAMS 0x00000006e4700000, 0x00000006e4700000| Untracked 
|  72|0x00000006e4800000, 0x00000006e4800000, 0x00000006e4900000|  0%| F|  |TAMS 0x00000006e4800000, 0x00000006e4800000| Untracked 
|  73|0x00000006e4900000, 0x00000006e4900000, 0x00000006e4a00000|  0%| F|  |TAMS 0x00000006e4900000, 0x00000006e4900000| Untracked 
|  74|0x00000006e4a00000, 0x00000006e4a00000, 0x00000006e4b00000|  0%| F|  |TAMS 0x00000006e4a00000, 0x00000006e4a00000| Untracked 
|  75|0x00000006e4b00000, 0x00000006e4b00000, 0x00000006e4c00000|  0%| F|  |TAMS 0x00000006e4b00000, 0x00000006e4b00000| Untracked 
|  76|0x00000006e4c00000, 0x00000006e4c00000, 0x00000006e4d00000|  0%| F|  |TAMS 0x00000006e4c00000, 0x00000006e4c00000| Untracked 
|  77|0x00000006e4d00000, 0x00000006e4d00000, 0x00000006e4e00000|  0%| F|  |TAMS 0x00000006e4d00000, 0x00000006e4d00000| Untracked 
|  78|0x00000006e4e00000, 0x00000006e4e00000, 0x00000006e4f00000|  0%| F|  |TAMS 0x00000006e4e00000, 0x00000006e4e00000| Untracked 
|  79|0x00000006e4f00000, 0x00000006e4f00000, 0x00000006e5000000|  0%| F|  |TAMS 0x00000006e4f00000, 0x00000006e4f00000| Untracked 
|  80|0x00000006e5000000, 0x00000006e5000000, 0x00000006e5100000|  0%| F|  |TAMS 0x00000006e5000000, 0x00000006e5000000| Untracked 
|  81|0x00000006e5100000, 0x00000006e5100000, 0x00000006e5200000|  0%| F|  |TAMS 0x00000006e5100000, 0x00000006e5100000| Untracked 
|  82|0x00000006e5200000, 0x00000006e5200000, 0x00000006e5300000|  0%| F|  |TAMS 0x00000006e5200000, 0x00000006e5200000| Untracked 
|  83|0x00000006e5300000, 0x00000006e53c6dc0, 0x00000006e5400000| 77%| S|CS|TAMS 0x00000006e5300000, 0x00000006e5300000| Complete 
|  84|0x00000006e5400000, 0x00000006e5500000, 0x00000006e5500000|100%| S|CS|TAMS 0x00000006e5400000, 0x00000006e5400000| Complete 
|  85|0x00000006e5500000, 0x00000006e5600000, 0x00000006e5600000|100%| S|CS|TAMS 0x00000006e5500000, 0x00000006e5500000| Complete 
|  86|0x00000006e5600000, 0x00000006e5700000, 0x00000006e5700000|100%| S|CS|TAMS 0x00000006e5600000, 0x00000006e5600000| Complete 
|  87|0x00000006e5700000, 0x00000006e5800000, 0x00000006e5800000|100%| S|CS|TAMS 0x00000006e5700000, 0x00000006e5700000| Complete 
|  88|0x00000006e5800000, 0x00000006e5900000, 0x00000006e5900000|100%| S|CS|TAMS 0x00000006e5800000, 0x00000006e5800000| Complete 
|  89|0x00000006e5900000, 0x00000006e5a00000, 0x00000006e5a00000|100%| S|CS|TAMS 0x00000006e5900000, 0x00000006e5900000| Complete 
|  90|0x00000006e5a00000, 0x00000006e5a00000, 0x00000006e5b00000|  0%| F|  |TAMS 0x00000006e5a00000, 0x00000006e5a00000| Untracked 
|  91|0x00000006e5b00000, 0x00000006e5b00000, 0x00000006e5c00000|  0%| F|  |TAMS 0x00000006e5b00000, 0x00000006e5b00000| Untracked 
|  92|0x00000006e5c00000, 0x00000006e5c00000, 0x00000006e5d00000|  0%| F|  |TAMS 0x00000006e5c00000, 0x00000006e5c00000| Untracked 
|  93|0x00000006e5d00000, 0x00000006e5d00000, 0x00000006e5e00000|  0%| F|  |TAMS 0x00000006e5d00000, 0x00000006e5d00000| Untracked 
|  94|0x00000006e5e00000, 0x00000006e5e00000, 0x00000006e5f00000|  0%| F|  |TAMS 0x00000006e5e00000, 0x00000006e5e00000| Untracked 
|  95|0x00000006e5f00000, 0x00000006e5f00000, 0x00000006e6000000|  0%| F|  |TAMS 0x00000006e5f00000, 0x00000006e5f00000| Untracked 
|  96|0x00000006e6000000, 0x00000006e6000000, 0x00000006e6100000|  0%| F|  |TAMS 0x00000006e6000000, 0x00000006e6000000| Untracked 
|  97|0x00000006e6100000, 0x00000006e6100000, 0x00000006e6200000|  0%| F|  |TAMS 0x00000006e6100000, 0x00000006e6100000| Untracked 
|  98|0x00000006e6200000, 0x00000006e6200000, 0x00000006e6300000|  0%| F|  |TAMS 0x00000006e6200000, 0x00000006e6200000| Untracked 
|  99|0x00000006e6300000, 0x00000006e6300000, 0x00000006e6400000|  0%| F|  |TAMS 0x00000006e6300000, 0x00000006e6300000| Untracked 
| 100|0x00000006e6400000, 0x00000006e6400000, 0x00000006e6500000|  0%| F|  |TAMS 0x00000006e6400000, 0x00000006e6400000| Untracked 
| 101|0x00000006e6500000, 0x00000006e6500000, 0x00000006e6600000|  0%| F|  |TAMS 0x00000006e6500000, 0x00000006e6500000| Untracked 
| 102|0x00000006e6600000, 0x00000006e6600000, 0x00000006e6700000|  0%| F|  |TAMS 0x00000006e6600000, 0x00000006e6600000| Untracked 
| 103|0x00000006e6700000, 0x00000006e6700000, 0x00000006e6800000|  0%| F|  |TAMS 0x00000006e6700000, 0x00000006e6700000| Untracked 
| 104|0x00000006e6800000, 0x00000006e6800000, 0x00000006e6900000|  0%| F|  |TAMS 0x00000006e6800000, 0x00000006e6800000| Untracked 
| 105|0x00000006e6900000, 0x00000006e6900000, 0x00000006e6a00000|  0%| F|  |TAMS 0x00000006e6900000, 0x00000006e6900000| Untracked 
| 106|0x00000006e6a00000, 0x00000006e6a00000, 0x00000006e6b00000|  0%| F|  |TAMS 0x00000006e6a00000, 0x00000006e6a00000| Untracked 
| 107|0x00000006e6b00000, 0x00000006e6b00000, 0x00000006e6c00000|  0%| F|  |TAMS 0x00000006e6b00000, 0x00000006e6b00000| Untracked 
| 108|0x00000006e6c00000, 0x00000006e6c00000, 0x00000006e6d00000|  0%| F|  |TAMS 0x00000006e6c00000, 0x00000006e6c00000| Untracked 
| 109|0x00000006e6d00000, 0x00000006e6d00000, 0x00000006e6e00000|  0%| F|  |TAMS 0x00000006e6d00000, 0x00000006e6d00000| Untracked 
| 110|0x00000006e6e00000, 0x00000006e6e00000, 0x00000006e6f00000|  0%| F|  |TAMS 0x00000006e6e00000, 0x00000006e6e00000| Untracked 
| 111|0x00000006e6f00000, 0x00000006e6f00000, 0x00000006e7000000|  0%| F|  |TAMS 0x00000006e6f00000, 0x00000006e6f00000| Untracked 
| 112|0x00000006e7000000, 0x00000006e7000000, 0x00000006e7100000|  0%| F|  |TAMS 0x00000006e7000000, 0x00000006e7000000| Untracked 
| 113|0x00000006e7100000, 0x00000006e7100000, 0x00000006e7200000|  0%| F|  |TAMS 0x00000006e7100000, 0x00000006e7100000| Untracked 
| 114|0x00000006e7200000, 0x00000006e7200000, 0x00000006e7300000|  0%| F|  |TAMS 0x00000006e7200000, 0x00000006e7200000| Untracked 
| 115|0x00000006e7300000, 0x00000006e7300000, 0x00000006e7400000|  0%| F|  |TAMS 0x00000006e7300000, 0x00000006e7300000| Untracked 
| 116|0x00000006e7400000, 0x00000006e7400000, 0x00000006e7500000|  0%| F|  |TAMS 0x00000006e7400000, 0x00000006e7400000| Untracked 
| 117|0x00000006e7500000, 0x00000006e7500000, 0x00000006e7600000|  0%| F|  |TAMS 0x00000006e7500000, 0x00000006e7500000| Untracked 
| 118|0x00000006e7600000, 0x00000006e7600000, 0x00000006e7700000|  0%| F|  |TAMS 0x00000006e7600000, 0x00000006e7600000| Untracked 
| 119|0x00000006e7700000, 0x00000006e7700000, 0x00000006e7800000|  0%| F|  |TAMS 0x00000006e7700000, 0x00000006e7700000| Untracked 
| 120|0x00000006e7800000, 0x00000006e7800000, 0x00000006e7900000|  0%| F|  |TAMS 0x00000006e7800000, 0x00000006e7800000| Untracked 
| 121|0x00000006e7900000, 0x00000006e7900000, 0x00000006e7a00000|  0%| F|  |TAMS 0x00000006e7900000, 0x00000006e7900000| Untracked 
| 122|0x00000006e7a00000, 0x00000006e7a00000, 0x00000006e7b00000|  0%| F|  |TAMS 0x00000006e7a00000, 0x00000006e7a00000| Untracked 
| 123|0x00000006e7b00000, 0x00000006e7b00000, 0x00000006e7c00000|  0%| F|  |TAMS 0x00000006e7b00000, 0x00000006e7b00000| Untracked 
| 124|0x00000006e7c00000, 0x00000006e7c00000, 0x00000006e7d00000|  0%| F|  |TAMS 0x00000006e7c00000, 0x00000006e7c00000| Untracked 
| 125|0x00000006e7d00000, 0x00000006e7d00000, 0x00000006e7e00000|  0%| F|  |TAMS 0x00000006e7d00000, 0x00000006e7d00000| Untracked 
| 126|0x00000006e7e00000, 0x00000006e7e00000, 0x00000006e7f00000|  0%| F|  |TAMS 0x00000006e7e00000, 0x00000006e7e00000| Untracked 
| 127|0x00000006e7f00000, 0x00000006e7f00000, 0x00000006e8000000|  0%| F|  |TAMS 0x00000006e7f00000, 0x00000006e7f00000| Untracked 
| 128|0x00000006e8000000, 0x00000006e8000000, 0x00000006e8100000|  0%| F|  |TAMS 0x00000006e8000000, 0x00000006e8000000| Untracked 
| 129|0x00000006e8100000, 0x00000006e8100000, 0x00000006e8200000|  0%| F|  |TAMS 0x00000006e8100000, 0x00000006e8100000| Untracked 
| 130|0x00000006e8200000, 0x00000006e8200000, 0x00000006e8300000|  0%| F|  |TAMS 0x00000006e8200000, 0x00000006e8200000| Untracked 
| 131|0x00000006e8300000, 0x00000006e8300000, 0x00000006e8400000|  0%| F|  |TAMS 0x00000006e8300000, 0x00000006e8300000| Untracked 
| 132|0x00000006e8400000, 0x00000006e8400000, 0x00000006e8500000|  0%| F|  |TAMS 0x00000006e8400000, 0x00000006e8400000| Untracked 
| 133|0x00000006e8500000, 0x00000006e8500000, 0x00000006e8600000|  0%| F|  |TAMS 0x00000006e8500000, 0x00000006e8500000| Untracked 
| 134|0x00000006e8600000, 0x00000006e8600000, 0x00000006e8700000|  0%| F|  |TAMS 0x00000006e8600000, 0x00000006e8600000| Untracked 
| 135|0x00000006e8700000, 0x00000006e8700000, 0x00000006e8800000|  0%| F|  |TAMS 0x00000006e8700000, 0x00000006e8700000| Untracked 
| 136|0x00000006e8800000, 0x00000006e8800000, 0x00000006e8900000|  0%| F|  |TAMS 0x00000006e8800000, 0x00000006e8800000| Untracked 
| 137|0x00000006e8900000, 0x00000006e8900000, 0x00000006e8a00000|  0%| F|  |TAMS 0x00000006e8900000, 0x00000006e8900000| Untracked 
| 138|0x00000006e8a00000, 0x00000006e8a00000, 0x00000006e8b00000|  0%| F|  |TAMS 0x00000006e8a00000, 0x00000006e8a00000| Untracked 
| 139|0x00000006e8b00000, 0x00000006e8b00000, 0x00000006e8c00000|  0%| F|  |TAMS 0x00000006e8b00000, 0x00000006e8b00000| Untracked 
| 140|0x00000006e8c00000, 0x00000006e8c00000, 0x00000006e8d00000|  0%| F|  |TAMS 0x00000006e8c00000, 0x00000006e8c00000| Untracked 
| 141|0x00000006e8d00000, 0x00000006e8d00000, 0x00000006e8e00000|  0%| F|  |TAMS 0x00000006e8d00000, 0x00000006e8d00000| Untracked 
| 142|0x00000006e8e00000, 0x00000006e8e00000, 0x00000006e8f00000|  0%| F|  |TAMS 0x00000006e8e00000, 0x00000006e8e00000| Untracked 
| 143|0x00000006e8f00000, 0x00000006e8f00000, 0x00000006e9000000|  0%| F|  |TAMS 0x00000006e8f00000, 0x00000006e8f00000| Untracked 
| 144|0x00000006e9000000, 0x00000006e9000000, 0x00000006e9100000|  0%| F|  |TAMS 0x00000006e9000000, 0x00000006e9000000| Untracked 
| 145|0x00000006e9100000, 0x00000006e9100000, 0x00000006e9200000|  0%| F|  |TAMS 0x00000006e9100000, 0x00000006e9100000| Untracked 
| 146|0x00000006e9200000, 0x00000006e9200000, 0x00000006e9300000|  0%| F|  |TAMS 0x00000006e9200000, 0x00000006e9200000| Untracked 
| 147|0x00000006e9300000, 0x00000006e9300000, 0x00000006e9400000|  0%| F|  |TAMS 0x00000006e9300000, 0x00000006e9300000| Untracked 
| 148|0x00000006e9400000, 0x00000006e9400000, 0x00000006e9500000|  0%| F|  |TAMS 0x00000006e9400000, 0x00000006e9400000| Untracked 
| 149|0x00000006e9500000, 0x00000006e9500000, 0x00000006e9600000|  0%| F|  |TAMS 0x00000006e9500000, 0x00000006e9500000| Untracked 
| 150|0x00000006e9600000, 0x00000006e9600000, 0x00000006e9700000|  0%| F|  |TAMS 0x00000006e9600000, 0x00000006e9600000| Untracked 
| 151|0x00000006e9700000, 0x00000006e9700000, 0x00000006e9800000|  0%| F|  |TAMS 0x00000006e9700000, 0x00000006e9700000| Untracked 
| 152|0x00000006e9800000, 0x00000006e9800000, 0x00000006e9900000|  0%| F|  |TAMS 0x00000006e9800000, 0x00000006e9800000| Untracked 
| 153|0x00000006e9900000, 0x00000006e9900000, 0x00000006e9a00000|  0%| F|  |TAMS 0x00000006e9900000, 0x00000006e9900000| Untracked 
| 154|0x00000006e9a00000, 0x00000006e9a00000, 0x00000006e9b00000|  0%| F|  |TAMS 0x00000006e9a00000, 0x00000006e9a00000| Untracked 
| 155|0x00000006e9b00000, 0x00000006e9b00000, 0x00000006e9c00000|  0%| F|  |TAMS 0x00000006e9b00000, 0x00000006e9b00000| Untracked 
| 156|0x00000006e9c00000, 0x00000006e9c00000, 0x00000006e9d00000|  0%| F|  |TAMS 0x00000006e9c00000, 0x00000006e9c00000| Untracked 
| 157|0x00000006e9d00000, 0x00000006e9d00000, 0x00000006e9e00000|  0%| F|  |TAMS 0x00000006e9d00000, 0x00000006e9d00000| Untracked 
| 158|0x00000006e9e00000, 0x00000006e9e00000, 0x00000006e9f00000|  0%| F|  |TAMS 0x00000006e9e00000, 0x00000006e9e00000| Untracked 
| 159|0x00000006e9f00000, 0x00000006e9f00000, 0x00000006ea000000|  0%| F|  |TAMS 0x00000006e9f00000, 0x00000006e9f00000| Untracked 
| 160|0x00000006ea000000, 0x00000006ea000000, 0x00000006ea100000|  0%| F|  |TAMS 0x00000006ea000000, 0x00000006ea000000| Untracked 
| 161|0x00000006ea100000, 0x00000006ea100000, 0x00000006ea200000|  0%| F|  |TAMS 0x00000006ea100000, 0x00000006ea100000| Untracked 
| 162|0x00000006ea200000, 0x00000006ea200000, 0x00000006ea300000|  0%| F|  |TAMS 0x00000006ea200000, 0x00000006ea200000| Untracked 
| 163|0x00000006ea300000, 0x00000006ea300000, 0x00000006ea400000|  0%| F|  |TAMS 0x00000006ea300000, 0x00000006ea300000| Untracked 
| 164|0x00000006ea400000, 0x00000006ea400000, 0x00000006ea500000|  0%| F|  |TAMS 0x00000006ea400000, 0x00000006ea400000| Untracked 
| 165|0x00000006ea500000, 0x00000006ea500000, 0x00000006ea600000|  0%| F|  |TAMS 0x00000006ea500000, 0x00000006ea500000| Untracked 
| 166|0x00000006ea600000, 0x00000006ea600000, 0x00000006ea700000|  0%| F|  |TAMS 0x00000006ea600000, 0x00000006ea600000| Untracked 
| 167|0x00000006ea700000, 0x00000006ea700000, 0x00000006ea800000|  0%| F|  |TAMS 0x00000006ea700000, 0x00000006ea700000| Untracked 
| 168|0x00000006ea800000, 0x00000006ea800000, 0x00000006ea900000|  0%| F|  |TAMS 0x00000006ea800000, 0x00000006ea800000| Untracked 
| 169|0x00000006ea900000, 0x00000006ea900000, 0x00000006eaa00000|  0%| F|  |TAMS 0x00000006ea900000, 0x00000006ea900000| Untracked 
| 170|0x00000006eaa00000, 0x00000006eaa00000, 0x00000006eab00000|  0%| F|  |TAMS 0x00000006eaa00000, 0x00000006eaa00000| Untracked 
| 171|0x00000006eab00000, 0x00000006eab00000, 0x00000006eac00000|  0%| F|  |TAMS 0x00000006eab00000, 0x00000006eab00000| Untracked 
| 172|0x00000006eac00000, 0x00000006eac00000, 0x00000006ead00000|  0%| F|  |TAMS 0x00000006eac00000, 0x00000006eac00000| Untracked 
| 173|0x00000006ead00000, 0x00000006ead00000, 0x00000006eae00000|  0%| F|  |TAMS 0x00000006ead00000, 0x00000006ead00000| Untracked 
| 174|0x00000006eae00000, 0x00000006eae00000, 0x00000006eaf00000|  0%| F|  |TAMS 0x00000006eae00000, 0x00000006eae00000| Untracked 
| 175|0x00000006eaf00000, 0x00000006eaf00000, 0x00000006eb000000|  0%| F|  |TAMS 0x00000006eaf00000, 0x00000006eaf00000| Untracked 
| 176|0x00000006eb000000, 0x00000006eb000000, 0x00000006eb100000|  0%| F|  |TAMS 0x00000006eb000000, 0x00000006eb000000| Untracked 
| 177|0x00000006eb100000, 0x00000006eb100000, 0x00000006eb200000|  0%| F|  |TAMS 0x00000006eb100000, 0x00000006eb100000| Untracked 
| 178|0x00000006eb200000, 0x00000006eb200000, 0x00000006eb300000|  0%| F|  |TAMS 0x00000006eb200000, 0x00000006eb200000| Untracked 
| 179|0x00000006eb300000, 0x00000006eb380800, 0x00000006eb400000| 50%| E|  |TAMS 0x00000006eb300000, 0x00000006eb300000| Complete 
| 180|0x00000006eb400000, 0x00000006eb500000, 0x00000006eb500000|100%| E|CS|TAMS 0x00000006eb400000, 0x00000006eb400000| Complete 
| 181|0x00000006eb500000, 0x00000006eb600000, 0x00000006eb600000|100%| E|CS|TAMS 0x00000006eb500000, 0x00000006eb500000| Complete 
| 182|0x00000006eb600000, 0x00000006eb700000, 0x00000006eb700000|100%| E|CS|TAMS 0x00000006eb600000, 0x00000006eb600000| Complete 
| 183|0x00000006eb700000, 0x00000006eb800000, 0x00000006eb800000|100%| E|CS|TAMS 0x00000006eb700000, 0x00000006eb700000| Complete 
| 184|0x00000006eb800000, 0x00000006eb900000, 0x00000006eb900000|100%| E|CS|TAMS 0x00000006eb800000, 0x00000006eb800000| Complete 

Card table byte_map: [0x000001bd789d0000,0x000001bd792d0000] _byte_map_base: 0x000001bd752d0000

Marking Bits (Prev, Next): (CMBitMap*) 0x000001bd64becb80, (CMBitMap*) 0x000001bd64becb48
 Prev Bits: [0x000001bd00000000, 0x000001bd04800000)
 Next Bits: [0x000001bd79bd0000, 0x000001bd7e3d0000)

Polling page: 0x000001bd632d0000

Metaspace:

Usage:
  Non-class:     56.29 MB capacity,    55.40 MB ( 98%) used,   747.13 KB (  1%) free+waste,   169.56 KB ( <1%) overhead. 
      Class:      8.62 MB capacity,     8.06 MB ( 93%) used,   495.11 KB (  6%) free+waste,    79.50 KB ( <1%) overhead. 
       Both:     64.92 MB capacity,    63.46 MB ( 98%) used,     1.21 MB (  2%) free+waste,   249.06 KB ( <1%) overhead. 

Virtual space:
  Non-class space:       58.00 MB reserved,      56.50 MB ( 97%) committed 
      Class space:        1.00 GB reserved,       8.63 MB ( <1%) committed 
             Both:        1.06 GB reserved,      65.13 MB (  6%) committed 

Chunk freelists:
   Non-Class:  18.00 KB
       Class:  4.00 KB
        Both:  22.00 KB

MaxMetaspaceSize: 17179869184.00 GB
CompressedClassSpaceSize: 1.00 GB

CodeHeap 'non-profiled nmethods': size=120000Kb used=4058Kb max_used=4058Kb free=115941Kb
 bounds [0x000001bd70140000, 0x000001bd70540000, 0x000001bd77670000]
CodeHeap 'profiled nmethods': size=120000Kb used=13544Kb max_used=13544Kb free=106455Kb
 bounds [0x000001bd68c10000, 0x000001bd69950000, 0x000001bd70140000]
CodeHeap 'non-nmethods': size=5760Kb used=2271Kb max_used=2322Kb free=3488Kb
 bounds [0x000001bd68670000, 0x000001bd688e0000, 0x000001bd68c10000]
 total_blobs=7211 nmethods=6358 adapters=764
 compilation: enabled
              stopped_count=0, restarted_count=0
 full_count=0

Compilation events (20 events):
Event: 8.315 Thread 0x000001bd7f7ff800 6337       3       org.gradle.tooling.internal.provider.runner.PluginApplicationTracker::lambda$hasRunningPluginApplication$0 (34 bytes)
Event: 8.315 Thread 0x000001bd7f7ff800 nmethod 6337 0x000001bd6992f790 code [0x000001bd6992f960, 0x000001bd6992fd98]
Event: 8.317 Thread 0x000001bd07b26800 nmethod 6335 0x000001bd70525810 code [0x000001bd705259c0, 0x000001bd705260f8]
Event: 8.317 Thread 0x000001bd07b26800 6332       4       java.lang.reflect.ProxyGenerator$ConstantPool::getClass (21 bytes)
Event: 8.318 Thread 0x000001bd07b26800 nmethod 6332 0x000001bd70526310 code [0x000001bd705264c0, 0x000001bd705265d8]
Event: 8.318 Thread 0x000001bd07b26800 6333       4       java.lang.reflect.ProxyGenerator$ConstantPool$IndirectEntry::equals (49 bytes)
Event: 8.319 Thread 0x000001bd07b26800 nmethod 6333 0x000001bd70526710 code [0x000001bd705268a0, 0x000001bd70526958]
Event: 8.324 Thread 0x000001bd7f7ff800 6338       3       java.lang.reflect.ProxyGenerator$ProxyMethod::generateMethod (733 bytes)
Event: 8.333 Thread 0x000001bd7f7ff800 nmethod 6338 0x000001bd6992ff10 code [0x000001bd69930ca0, 0x000001bd69939d88]
Event: 8.334 Thread 0x000001bd07b26800 6339   !   4       jdk.internal.loader.BuiltinClassLoader::loadClassOrNull (143 bytes)
Event: 8.367 Thread 0x000001bd7f7ff800 6340       3       org.objectweb.asm.SymbolTable::hash (12 bytes)
Event: 8.367 Thread 0x000001bd7f7ff800 nmethod 6340 0x000001bd6993d490 code [0x000001bd6993d640, 0x000001bd6993d768]
Event: 8.367 Thread 0x000001bd7f7ff800 6341       3       org.objectweb.asm.SymbolTable$Entry::<init> (18 bytes)
Event: 8.367 Thread 0x000001bd7f7ff800 nmethod 6341 0x000001bd6993d890 code [0x000001bd6993da40, 0x000001bd6993dba8]
Event: 8.369 Thread 0x000001bd7f7ff800 6342   !   3       org.gradle.internal.instantiation.generator.AsmBackedClassGenerator$ClassBuilderImpl::getAnnotationParameterValue (16 bytes)
Event: 8.370 Thread 0x000001bd7f7ff800 nmethod 6342 0x000001bd6993dc90 code [0x000001bd6993dea0, 0x000001bd6993e468]
Event: 8.370 Thread 0x000001bd7f7ff800 6343       3       org.objectweb.asm.SymbolTable::addUninitializedType (103 bytes)
Event: 8.370 Thread 0x000001bd7f7ff800 nmethod 6343 0x000001bd6993e790 code [0x000001bd6993e9c0, 0x000001bd6993eff8]
Event: 8.394 Thread 0x000001bd06ffe800 nmethod 6330 0x000001bd70526a10 code [0x000001bd70526de0, 0x000001bd70529c58]
Event: 8.394 Thread 0x000001bd06ffe800 6344       4       com.google.common.collect.ImmutableList::copyOf (44 bytes)

GC Heap History (20 events):
Event: 1.146 GC heap before
{Heap before GC invocations=1 (full 0):
 garbage-first heap   total 131072K, used 31021K [0x00000006e0000000, 0x0000000800000000)
  region size 1024K, 24 young (24576K), 3 survivors (3072K)
 Metaspace       used 11124K, capacity 11440K, committed 11520K, reserved 1058816K
  class space    used 1165K, capacity 1245K, committed 1280K, reserved 1048576K
}
Event: 1.149 GC heap after
{Heap after GC invocations=2 (full 0):
 garbage-first heap   total 131072K, used 9727K [0x00000006e0000000, 0x0000000800000000)
  region size 1024K, 1 young (1024K), 1 survivors (1024K)
 Metaspace       used 11124K, capacity 11440K, committed 11520K, reserved 1058816K
  class space    used 1165K, capacity 1245K, committed 1280K, reserved 1048576K
}
Event: 2.070 GC heap before
{Heap before GC invocations=2 (full 0):
 garbage-first heap   total 131072K, used 65023K [0x00000006e0000000, 0x0000000800000000)
  region size 1024K, 55 young (56320K), 1 survivors (1024K)
 Metaspace       used 18143K, capacity 18611K, committed 18816K, reserved 1064960K
  class space    used 2164K, capacity 2306K, committed 2432K, reserved 1048576K
}
Event: 2.078 GC heap after
{Heap after GC invocations=3 (full 0):
 garbage-first heap   total 131072K, used 15880K [0x00000006e0000000, 0x0000000800000000)
  region size 1024K, 7 young (7168K), 7 survivors (7168K)
 Metaspace       used 18143K, capacity 18611K, committed 18816K, reserved 1064960K
  class space    used 2164K, capacity 2306K, committed 2432K, reserved 1048576K
}
Event: 2.290 GC heap before
{Heap before GC invocations=3 (full 0):
 garbage-first heap   total 131072K, used 34312K [0x00000006e0000000, 0x0000000800000000)
  region size 1024K, 26 young (26624K), 7 survivors (7168K)
 Metaspace       used 20535K, capacity 21088K, committed 21248K, reserved 1067008K
  class space    used 2502K, capacity 2690K, committed 2816K, reserved 1048576K
}
Event: 2.302 GC heap after
{Heap after GC invocations=4 (full 0):
 garbage-first heap   total 131072K, used 16622K [0x00000006e0000000, 0x0000000800000000)
  region size 1024K, 1 young (1024K), 1 survivors (1024K)
 Metaspace       used 20535K, capacity 21088K, committed 21248K, reserved 1067008K
  class space    used 2502K, capacity 2690K, committed 2816K, reserved 1048576K
}
Event: 2.882 GC heap before
{Heap before GC invocations=5 (full 0):
 garbage-first heap   total 131072K, used 71918K [0x00000006e0000000, 0x0000000800000000)
  region size 1024K, 56 young (57344K), 1 survivors (1024K)
 Metaspace       used 26087K, capacity 26749K, committed 27008K, reserved 1073152K
  class space    used 3420K, capacity 3667K, committed 3712K, reserved 1048576K
}
Event: 2.885 GC heap after
{Heap after GC invocations=6 (full 0):
 garbage-first heap   total 131072K, used 18360K [0x00000006e0000000, 0x0000000800000000)
  region size 1024K, 3 young (3072K), 3 survivors (3072K)
 Metaspace       used 26087K, capacity 26749K, committed 27008K, reserved 1073152K
  class space    used 3420K, capacity 3667K, committed 3712K, reserved 1048576K
}
Event: 3.749 GC heap before
{Heap before GC invocations=6 (full 0):
 garbage-first heap   total 131072K, used 72632K [0x00000006e0000000, 0x0000000800000000)
  region size 1024K, 57 young (58368K), 3 survivors (3072K)
 Metaspace       used 35026K, capacity 35790K, committed 35840K, reserved 1081344K
  class space    used 4546K, capacity 4832K, committed 4864K, reserved 1048576K
}
Event: 3.757 GC heap after
{Heap after GC invocations=7 (full 0):
 garbage-first heap   total 131072K, used 21823K [0x00000006e0000000, 0x0000000800000000)
  region size 1024K, 6 young (6144K), 6 survivors (6144K)
 Metaspace       used 35026K, capacity 35790K, committed 35840K, reserved 1081344K
  class space    used 4546K, capacity 4832K, committed 4864K, reserved 1048576K
}
Event: 4.450 GC heap before
{Heap before GC invocations=8 (full 0):
 garbage-first heap   total 131072K, used 84287K [0x00000006e0000000, 0x0000000800000000)
  region size 1024K, 65 young (66560K), 6 survivors (6144K)
 Metaspace       used 39401K, capacity 40262K, committed 40448K, reserved 1085440K
  class space    used 5036K, capacity 5358K, committed 5376K, reserved 1048576K
}
Event: 4.463 GC heap after
{Heap after GC invocations=9 (full 0):
 garbage-first heap   total 157696K, used 26914K [0x00000006e0000000, 0x0000000800000000)
  region size 1024K, 9 young (9216K), 9 survivors (9216K)
 Metaspace       used 39401K, capacity 40262K, committed 40448K, reserved 1085440K
  class space    used 5036K, capacity 5358K, committed 5376K, reserved 1048576K
}
Event: 5.244 GC heap before
{Heap before GC invocations=9 (full 0):
 garbage-first heap   total 157696K, used 94498K [0x00000006e0000000, 0x0000000800000000)
  region size 1024K, 75 young (76800K), 9 survivors (9216K)
 Metaspace       used 44651K, capacity 45841K, committed 46208K, reserved 1089536K
  class space    used 5743K, capacity 6146K, committed 6272K, reserved 1048576K
}
Event: 5.255 GC heap after
{Heap after GC invocations=10 (full 0):
 garbage-first heap   total 157696K, used 29069K [0x00000006e0000000, 0x0000000800000000)
  region size 1024K, 8 young (8192K), 8 survivors (8192K)
 Metaspace       used 44651K, capacity 45841K, committed 46208K, reserved 1089536K
  class space    used 5743K, capacity 6146K, committed 6272K, reserved 1048576K
}
Event: 6.670 GC heap before
{Heap before GC invocations=10 (full 0):
 garbage-first heap   total 157696K, used 122253K [0x00000006e0000000, 0x0000000800000000)
  region size 1024K, 92 young (94208K), 8 survivors (8192K)
 Metaspace       used 50378K, capacity 51739K, committed 51840K, reserved 1093632K
  class space    used 6431K, capacity 6939K, committed 7040K, reserved 1048576K
}
Event: 6.683 GC heap after
{Heap after GC invocations=11 (full 0):
 garbage-first heap   total 157696K, used 47391K [0x00000006e0000000, 0x0000000800000000)
  region size 1024K, 12 young (12288K), 12 survivors (12288K)
 Metaspace       used 50378K, capacity 51739K, committed 51840K, reserved 1093632K
  class space    used 6431K, capacity 6939K, committed 7040K, reserved 1048576K
}
Event: 7.500 GC heap before
{Heap before GC invocations=11 (full 0):
 garbage-first heap   total 157696K, used 100639K [0x00000006e0000000, 0x0000000800000000)
  region size 1024K, 65 young (66560K), 12 survivors (12288K)
 Metaspace       used 58603K, capacity 60083K, committed 60160K, reserved 1101824K
  class space    used 7440K, capacity 8011K, committed 8064K, reserved 1048576K
}
Event: 7.524 GC heap after
{Heap after GC invocations=12 (full 0):
 garbage-first heap   total 157696K, used 51671K [0x00000006e0000000, 0x0000000800000000)
  region size 1024K, 4 young (4096K), 4 survivors (4096K)
 Metaspace       used 58603K, capacity 60083K, committed 60160K, reserved 1101824K
  class space    used 7440K, capacity 8011K, committed 8064K, reserved 1048576K
}
Event: 8.344 GC heap before
{Heap before GC invocations=13 (full 0):
 garbage-first heap   total 157696K, used 113111K [0x00000006e0000000, 0x0000000800000000)
  region size 1024K, 64 young (65536K), 4 survivors (4096K)
 Metaspace       used 64428K, capacity 65959K, committed 66176K, reserved 1105920K
  class space    used 8185K, capacity 8763K, committed 8832K, reserved 1048576K
}
Event: 8.355 GC heap after
{Heap after GC invocations=14 (full 0):
 garbage-first heap   total 189440K, used 54912K [0x00000006e0000000, 0x0000000800000000)
  region size 1024K, 7 young (7168K), 7 survivors (7168K)
 Metaspace       used 64428K, capacity 65959K, committed 66176K, reserved 1105920K
  class space    used 8185K, capacity 8763K, committed 8832K, reserved 1048576K
}

Deoptimization events (20 events):
Event: 8.254 Thread 0x000001bd7f827000 DEOPT PACKING pc=0x000001bd691ad0c6 sp=0x00000067a0bf8340
Event: 8.254 Thread 0x000001bd7f827000 DEOPT UNPACKING pc=0x000001bd6869794e sp=0x00000067a0bf7858 mode 0
Event: 8.254 Thread 0x000001bd7f827000 DEOPT PACKING pc=0x000001bd691a69c5 sp=0x00000067a0bf8370
Event: 8.254 Thread 0x000001bd7f827000 DEOPT UNPACKING pc=0x000001bd6869794e sp=0x00000067a0bf7848 mode 0
Event: 8.256 Thread 0x000001bd7f827000 DEOPT PACKING pc=0x000001bd691ad0c6 sp=0x00000067a0bf8340
Event: 8.256 Thread 0x000001bd7f827000 DEOPT UNPACKING pc=0x000001bd6869794e sp=0x00000067a0bf7858 mode 0
Event: 8.256 Thread 0x000001bd7f827000 DEOPT PACKING pc=0x000001bd691a69c5 sp=0x00000067a0bf8370
Event: 8.256 Thread 0x000001bd7f827000 DEOPT UNPACKING pc=0x000001bd6869794e sp=0x00000067a0bf7848 mode 0
Event: 8.257 Thread 0x000001bd7f827000 Uncommon trap: trap_request=0xffffff4d fr.pc=0x000001bd701e9800 relative=0x00000000000005c0
Event: 8.257 Thread 0x000001bd7f827000 Uncommon trap: reason=unstable_if action=reinterpret pc=0x000001bd701e9800 method=java.lang.String.replace(CC)Ljava/lang/String; @ 2 c2
Event: 8.257 Thread 0x000001bd7f827000 DEOPT PACKING pc=0x000001bd701e9800 sp=0x00000067a0bf8470
Event: 8.257 Thread 0x000001bd7f827000 DEOPT UNPACKING pc=0x000001bd68697b2f sp=0x00000067a0bf8420 mode 2
Event: 8.304 Thread 0x000001bd7f827000 Uncommon trap: trap_request=0xffffff4d fr.pc=0x000001bd70467684 relative=0x0000000000000224
Event: 8.304 Thread 0x000001bd7f827000 Uncommon trap: reason=unstable_if action=reinterpret pc=0x000001bd70467684 method=java.lang.invoke.LambdaForm$BasicType.basicType(C)Ljava/lang/invoke/LambdaForm$BasicType; @ 1 c2
Event: 8.304 Thread 0x000001bd7f827000 DEOPT PACKING pc=0x000001bd70467684 sp=0x00000067a0bf8390
Event: 8.304 Thread 0x000001bd7f827000 DEOPT UNPACKING pc=0x000001bd68697b2f sp=0x00000067a0bf8278 mode 2
Event: 8.397 Thread 0x000001bd7f827000 Uncommon trap: trap_request=0xffffff4d fr.pc=0x000001bd702d2194 relative=0x0000000000004ed4
Event: 8.397 Thread 0x000001bd7f827000 Uncommon trap: reason=unstable_if action=reinterpret pc=0x000001bd702d2194 method=sun.net.www.protocol.jar.Handler.parseURL(Ljava/net/URL;Ljava/lang/String;II)V @ 116 c2
Event: 8.397 Thread 0x000001bd7f827000 DEOPT PACKING pc=0x000001bd702d2194 sp=0x00000067a0bf95b0
Event: 8.397 Thread 0x000001bd7f827000 DEOPT UNPACKING pc=0x000001bd68697b2f sp=0x00000067a0bf94a8 mode 2

Classes redefined (0 events):
No events

Internal exceptions (20 events):
Event: 6.812 Thread 0x000001bd7f827000 Exception <a 'java/lang/NoSuchMethodError'{0x00000006e92afa10}: 'java.lang.Object java.lang.invoke.DirectMethodHandle$Holder.invokeSpecial(java.lang.Object, java.lang.Object, int, int, java.lang.Object, java.lang.Object, java.lang.Object)'> (0x00000006e92afa10) thrown at [./src/hotspot/share/interpreter/linkResolver.cpp, line 773]
Event: 6.812 Thread 0x000001bd7f827000 Exception <a 'java/lang/NoSuchMethodError'{0x00000006e92b3f90}: 'java.lang.Object java.lang.invoke.DelegatingMethodHandle$Holder.reinvoke_L(java.lang.Object, int, int, java.lang.Object, java.lang.Object, java.lang.Object)'> (0x00000006e92b3f90) thrown at [./src/hotspot/share/interpreter/linkResolver.cpp, line 773]
Event: 7.001 Thread 0x000001bd7f827000 Exception <a 'java/lang/NoSuchMethodError'{0x00000006e86a5fe0}: 'int java.lang.invoke.DirectMethodHandle$Holder.invokeInterface(java.lang.Object, java.lang.Object, java.lang.Object, java.lang.Object)'> (0x00000006e86a5fe0) thrown at [./src/hotspot/share/interpreter/linkResolver.cpp, line 773]
Event: 7.238 Thread 0x000001bd7f827000 Exception <a 'java/lang/NoSuchMethodError'{0x00000006e768f428}: 'void java.lang.invoke.DirectMethodHandle$Holder.invokeInterface(java.lang.Object, java.lang.Object, java.lang.Object, java.lang.Object)'> (0x00000006e768f428) thrown at [./src/hotspot/share/interpreter/linkResolver.cpp, line 773]
Event: 7.356 Thread 0x000001bd7f827000 Exception <a 'java/lang/IncompatibleClassChangeError'{0x00000006e6eb43b8}: Found class java.lang.Object, but interface was expected> (0x00000006e6eb43b8) thrown at [./src/hotspot/share/interpreter/linkResolver.cpp, line 839]
Event: 7.408 Thread 0x000001bd7f827000 Implicit null exception at 0x000001bd70451ed5 to 0x000001bd704520b0
Event: 7.408 Thread 0x000001bd7f827000 Implicit null exception at 0x000001bd7044bc40 to 0x000001bd7044d8d8
Event: 7.486 Thread 0x000001bd7f827000 Implicit null exception at 0x000001bd7029860b to 0x000001bd702986f8
Event: 7.720 Thread 0x000001bd7f827000 Exception <a 'sun/nio/fs/WindowsException'{0x00000006e8c9ae58}> (0x00000006e8c9ae58) thrown at [./src/hotspot/share/prims/jni.cpp, line 615]
Event: 8.231 Thread 0x000001bd7f827000 Exception <a 'java/lang/IncompatibleClassChangeError'{0x00000006e666f308}: Found class java.lang.Object, but interface was expected> (0x00000006e666f308) thrown at [./src/hotspot/share/interpreter/linkResolver.cpp, line 839]
Event: 8.261 Thread 0x000001bd7f827000 Exception <a 'java/lang/ClassNotFoundException'{0x00000006e602ff78}: org/gradle/api/internal/project/DefaultAntBuilderBeanInfo> (0x00000006e602ff78) thrown at [./src/hotspot/share/classfile/systemDictionary.cpp, line 231]
Event: 8.262 Thread 0x000001bd7f827000 Exception <a 'java/lang/ClassNotFoundException'{0x00000006e60627b0}: org/gradle/api/internal/project/ant/BasicAntBuilderBeanInfo> (0x00000006e60627b0) thrown at [./src/hotspot/share/classfile/systemDictionary.cpp, line 231]
Event: 8.263 Thread 0x000001bd7f827000 Exception <a 'java/lang/ClassNotFoundException'{0x00000006e608b6a0}: org/gradle/api/AntBuilderBeanInfo> (0x00000006e608b6a0) thrown at [./src/hotspot/share/classfile/systemDictionary.cpp, line 231]
Event: 8.264 Thread 0x000001bd7f827000 Exception <a 'java/lang/ClassNotFoundException'{0x00000006e5f06338}: groovy/util/AntBuilderBeanInfo> (0x00000006e5f06338) thrown at [./src/hotspot/share/classfile/systemDictionary.cpp, line 231]
Event: 8.265 Thread 0x000001bd7f827000 Exception <a 'java/lang/ClassNotFoundException'{0x00000006e5f823a8}: groovy/util/BuilderSupportBeanInfo> (0x00000006e5f823a8) thrown at [./src/hotspot/share/classfile/systemDictionary.cpp, line 231]
Event: 8.266 Thread 0x000001bd7f827000 Exception <a 'java/lang/ClassNotFoundException'{0x00000006e5fff360}: groovy/util/BuilderSupportCustomizer> (0x00000006e5fff360) thrown at [./src/hotspot/share/classfile/systemDictionary.cpp, line 231]
Event: 8.267 Thread 0x000001bd7f827000 Exception <a 'java/lang/ClassNotFoundException'{0x00000006e5e7c750}: groovy/util/AntBuilderCustomizer> (0x00000006e5e7c750) thrown at [./src/hotspot/share/classfile/systemDictionary.cpp, line 231]
Event: 8.269 Thread 0x000001bd7f827000 Exception <a 'java/lang/ClassNotFoundException'{0x00000006e5eabb20}: org/gradle/api/AntBuilderCustomizer> (0x00000006e5eabb20) thrown at [./src/hotspot/share/classfile/systemDictionary.cpp, line 231]
Event: 8.270 Thread 0x000001bd7f827000 Exception <a 'java/lang/ClassNotFoundException'{0x00000006e5ee7348}: org/gradle/api/internal/project/ant/BasicAntBuilderCustomizer> (0x00000006e5ee7348) thrown at [./src/hotspot/share/classfile/systemDictionary.cpp, line 231]
Event: 8.271 Thread 0x000001bd7f827000 Exception <a 'java/lang/ClassNotFoundException'{0x00000006e5d28658}: org/gradle/api/internal/project/DefaultAntBuilderCustomizer> (0x00000006e5d28658) thrown at [./src/hotspot/share/classfile/systemDictionary.cpp, line 231]

Events (20 events):
Event: 8.390 loading class org/jetbrains/kotlin/gradle/plugin/mpp/AbstractKotlinCompilationToRunnableFiles
Event: 8.390 loading class org/jetbrains/kotlin/gradle/plugin/mpp/AbstractKotlinCompilationToRunnableFiles done
Event: 8.390 loading class org/jetbrains/kotlin/gradle/plugin/KotlinCompilationToRunnableFiles
Event: 8.390 loading class org/jetbrains/kotlin/gradle/plugin/KotlinCompilationToRunnableFiles done
Event: 8.390 loading class org/jetbrains/kotlin/gradle/plugin/KotlinCompilation
Event: 8.390 loading class org/jetbrains/kotlin/gradle/plugin/KotlinCompilation done
Event: 8.391 loading class org/jetbrains/kotlin/gradle/plugin/mpp/AbstractKotlinCompilation
Event: 8.391 loading class org/jetbrains/kotlin/gradle/plugin/mpp/AbstractKotlinCompilation done
Event: 8.392 loading class org/jetbrains/kotlin/gradle/plugin/mpp/pm20/KotlinCompilationData
Event: 8.392 loading class org/jetbrains/kotlin/gradle/plugin/mpp/pm20/KotlinCompilationData done
Event: 8.393 loading class org/jetbrains/kotlin/gradle/plugin/mpp/KotlinAndroidTarget$kotlinComponents$2
Event: 8.393 loading class org/jetbrains/kotlin/gradle/plugin/mpp/KotlinAndroidTarget$kotlinComponents$2 done
Event: 8.393 loading class org/jetbrains/kotlin/gradle/tasks/AndroidTasksProvider
Event: 8.393 loading class org/jetbrains/kotlin/gradle/tasks/AndroidTasksProvider done
Event: 8.393 loading class org/jetbrains/kotlin/gradle/tasks/KotlinTasksProvider
Event: 8.393 loading class org/jetbrains/kotlin/gradle/tasks/KotlinTasksProvider done
Event: 8.395 loading class org/jetbrains/kotlin/gradle/plugin/KotlinPluginKt
Event: 8.395 loading class org/jetbrains/kotlin/gradle/plugin/KotlinPluginKt done
Event: 8.396 loading class org/jetbrains/kotlin/gradle/plugin/KotlinPluginKt$androidPluginVersion$2
Event: 8.396 loading class org/jetbrains/kotlin/gradle/plugin/KotlinPluginKt$androidPluginVersion$2 done


Dynamic libraries:
0x00007ff7ec290000 - 0x00007ff7ec29a000 	C:\Program Files\Android\Android Studio\jre\bin\java.exe
0x00007ffd14ff0000 - 0x00007ffd151e5000 	C:\Windows\SYSTEM32\ntdll.dll
0x00007ffd13560000 - 0x00007ffd1361e000 	C:\Windows\System32\KERNEL32.DLL
0x00007ffd12be0000 - 0x00007ffd12ea9000 	C:\Windows\System32\KERNELBASE.dll
0x00007ffd0dbb0000 - 0x00007ffd0dbc9000 	C:\Program Files\Android\Android Studio\jre\bin\jli.dll
0x00007ffd12eb0000 - 0x00007ffd12fb0000 	C:\Windows\System32\ucrtbase.dll
0x00007ffd0da30000 - 0x00007ffd0da47000 	C:\Program Files\Android\Android Studio\jre\bin\VCRUNTIME140.dll
0x00007ffd14ae0000 - 0x00007ffd14c81000 	C:\Windows\System32\USER32.dll
0x00007ffd04930000 - 0x00007ffd04bca000 	C:\Windows\WinSxS\amd64_microsoft.windows.common-controls_6595b64144ccf1df_6.0.19041.1110_none_60b5254171f9507e\COMCTL32.dll
0x00007ffd12a10000 - 0x00007ffd12a32000 	C:\Windows\System32\win32u.dll
0x00007ffd14f00000 - 0x00007ffd14f9e000 	C:\Windows\System32\msvcrt.dll
0x00007ffd14c90000 - 0x00007ffd14cbb000 	C:\Windows\System32\GDI32.dll
0x00007ffd12ad0000 - 0x00007ffd12bdb000 	C:\Windows\System32\gdi32full.dll
0x00007ffd12870000 - 0x00007ffd1290d000 	C:\Windows\System32\msvcp_win.dll
0x00007ffd14910000 - 0x00007ffd14940000 	C:\Windows\System32\IMM32.DLL
0x00007ffd08480000 - 0x00007ffd0851d000 	C:\Program Files\Android\Android Studio\jre\bin\msvcp140.dll
0x00007ffca8030000 - 0x00007ffca8aff000 	C:\Program Files\Android\Android Studio\jre\bin\server\jvm.dll
0x00007ffd149b0000 - 0x00007ffd14a5c000 	C:\Windows\System32\ADVAPI32.dll
0x00007ffd13200000 - 0x00007ffd1329b000 	C:\Windows\System32\sechost.dll
0x00007ffd13300000 - 0x00007ffd1342a000 	C:\Windows\System32\RPCRT4.dll
0x00007ffd14fa0000 - 0x00007ffd14fa8000 	C:\Windows\System32\PSAPI.DLL
0x00007ffd0d5c0000 - 0x00007ffd0d5c9000 	C:\Windows\SYSTEM32\WSOCK32.dll
0x00007ffd09ca0000 - 0x00007ffd09caa000 	C:\Windows\SYSTEM32\VERSION.dll
0x00007ffd07a00000 - 0x00007ffd07a27000 	C:\Windows\SYSTEM32\WINMM.dll
0x00007ffd14940000 - 0x00007ffd149ab000 	C:\Windows\System32\WS2_32.dll
0x00007ffd10550000 - 0x00007ffd10562000 	C:\Windows\SYSTEM32\kernel.appcore.dll
0x00007ffd0d5a0000 - 0x00007ffd0d5b1000 	C:\Program Files\Android\Android Studio\jre\bin\verify.dll
0x00007ffd05320000 - 0x00007ffd05504000 	C:\Windows\SYSTEM32\DBGHELP.DLL
0x00007ffd052d0000 - 0x00007ffd052fc000 	C:\Windows\SYSTEM32\dbgcore.DLL
0x00007ffd12a40000 - 0x00007ffd12ac3000 	C:\Windows\System32\bcryptPrimitives.dll
0x00007ffd0d570000 - 0x00007ffd0d599000 	C:\Program Files\Android\Android Studio\jre\bin\java.dll
0x00007ffd0d560000 - 0x00007ffd0d56b000 	C:\Program Files\Android\Android Studio\jre\bin\jimage.dll
0x00007ffcf0f10000 - 0x00007ffcf0f28000 	C:\Program Files\Android\Android Studio\jre\bin\zip.dll
0x00007ffd14100000 - 0x00007ffd1483f000 	C:\Windows\System32\SHELL32.dll
0x00007ffd10830000 - 0x00007ffd10fc0000 	C:\Windows\SYSTEM32\windows.storage.dll
0x00007ffd13620000 - 0x00007ffd13975000 	C:\Windows\System32\combase.dll
0x00007ffd12160000 - 0x00007ffd1218c000 	C:\Windows\SYSTEM32\Wldp.dll
0x00007ffd13b60000 - 0x00007ffd13c0e000 	C:\Windows\System32\SHCORE.dll
0x00007ffd13060000 - 0x00007ffd130b5000 	C:\Windows\System32\shlwapi.dll
0x00007ffd12650000 - 0x00007ffd1266f000 	C:\Windows\SYSTEM32\profapi.dll
0x00007ffced7f0000 - 0x00007ffced80a000 	C:\Program Files\Android\Android Studio\jre\bin\net.dll
0x00007ffd09ce0000 - 0x00007ffd09de8000 	C:\Windows\SYSTEM32\WINHTTP.dll
0x00007ffd11ec0000 - 0x00007ffd11f2a000 	C:\Windows\system32\mswsock.dll
0x00007ffcec6e0000 - 0x00007ffcec6f4000 	C:\Program Files\Android\Android Studio\jre\bin\nio.dll
0x00007ffd0d910000 - 0x00007ffd0d937000 	C:\Users\busta\.gradle\native\8bec1ad78214c89d9ad589b4d07fe93259594b29d510b10fafb7a158f7737e5d\windows-amd64\native-platform.dll
0x00007ffd0bb30000 - 0x00007ffd0bc6d000 	C:\Users\busta\.gradle\native\53dbd7edfb1c66fb8903c78663c9afc45aea4f116125fa6feffd364cf09443e8\windows-amd64\native-platform-file-events.dll
0x00007ffd0d550000 - 0x00007ffd0d55a000 	C:\Program Files\Android\Android Studio\jre\bin\management.dll
0x00007ffd0c380000 - 0x00007ffd0c38c000 	C:\Program Files\Android\Android Studio\jre\bin\management_ext.dll
0x00007ffd120b0000 - 0x00007ffd120c8000 	C:\Windows\SYSTEM32\CRYPTSP.dll
0x00007ffd117d0000 - 0x00007ffd11804000 	C:\Windows\system32\rsaenh.dll
0x00007ffd12fb0000 - 0x00007ffd12fd7000 	C:\Windows\System32\bcrypt.dll
0x00007ffd12610000 - 0x00007ffd1263e000 	C:\Windows\SYSTEM32\USERENV.dll
0x00007ffd120d0000 - 0x00007ffd120dc000 	C:\Windows\SYSTEM32\CRYPTBASE.dll
0x00007ffd11b60000 - 0x00007ffd11b9b000 	C:\Windows\SYSTEM32\IPHLPAPI.DLL
0x00007ffd13980000 - 0x00007ffd13988000 	C:\Windows\System32\NSI.dll
0x00007ffd0be20000 - 0x00007ffd0be37000 	C:\Windows\SYSTEM32\dhcpcsvc6.DLL
0x00007ffd0be00000 - 0x00007ffd0be1d000 	C:\Windows\SYSTEM32\dhcpcsvc.DLL
0x00007ffd11bb0000 - 0x00007ffd11c7c000 	C:\Windows\SYSTEM32\DNSAPI.dll

dbghelp: loaded successfully - version: 4.0.5 - missing functions: none
symbol engine: initialized successfully - sym options: 0x614 - pdb path: .;C:\Program Files\Android\Android Studio\jre\bin;C:\Windows\SYSTEM32;C:\Windows\WinSxS\amd64_microsoft.windows.common-controls_6595b64144ccf1df_6.0.19041.1110_none_60b5254171f9507e;C:\Program Files\Android\Android Studio\jre\bin\server;C:\Users\busta\.gradle\native\8bec1ad78214c89d9ad589b4d07fe93259594b29d510b10fafb7a158f7737e5d\windows-amd64;C:\Users\busta\.gradle\native\53dbd7edfb1c66fb8903c78663c9afc45aea4f116125fa6feffd364cf09443e8\windows-amd64

VM Arguments:
jvm_args: --add-opens=java.base/java.util=ALL-UNNAMED --add-opens=java.base/java.lang=ALL-UNNAMED --add-opens=java.base/java.lang.invoke=ALL-UNNAMED --add-opens=java.base/java.util=ALL-UNNAMED --add-opens=java.prefs/java.util.prefs=ALL-UNNAMED --add-opens=java.prefs/java.util.prefs=ALL-UNNAMED --add-opens=java.base/java.nio.charset=ALL-UNNAMED --add-opens=java.base/java.net=ALL-UNNAMED --add-opens=java.base/java.util.concurrent.atomic=ALL-UNNAMED -Xmx4608m -Dfile.encoding=UTF-8 -Duser.country=MX -Duser.language=es -Duser.variant 
java_command: org.gradle.launcher.daemon.bootstrap.GradleDaemon 7.0.2
java_class_path (initial): C:\Users\busta\.gradle\wrapper\dists\gradle-7.0.2-bin\857tjihv64xamwrf0h14cai3r\gradle-7.0.2\lib\gradle-launcher-7.0.2.jar
Launcher Type: SUN_STANDARD

[Global flags]
     intx CICompilerCount                          = 4                                         {product} {ergonomic}
     uint ConcGCThreads                            = 2                                         {product} {ergonomic}
     uint G1ConcRefinementThreads                  = 8                                         {product} {ergonomic}
   size_t G1HeapRegionSize                         = 1048576                                   {product} {ergonomic}
    uintx GCDrainStackTargetSize                   = 64                                        {product} {ergonomic}
   size_t InitialHeapSize                          = 134217728                                 {product} {ergonomic}
   size_t MarkStackSize                            = 4194304                                   {product} {ergonomic}
   size_t MaxHeapSize                              = 4831838208                                {product} {command line}
   size_t MaxNewSize                               = 2898264064                                {product} {ergonomic}
   size_t MinHeapDeltaBytes                        = 1048576                                   {product} {ergonomic}
    uintx NonNMethodCodeHeapSize                   = 5836300                                {pd product} {ergonomic}
    uintx NonProfiledCodeHeapSize                  = 122910970                              {pd product} {ergonomic}
    uintx ProfiledCodeHeapSize                     = 122910970                              {pd product} {ergonomic}
    uintx ReservedCodeCacheSize                    = 251658240                              {pd product} {ergonomic}
     bool SegmentedCodeCache                       = true                                      {product} {ergonomic}
     bool UseCompressedClassPointers               = true                                 {lp64_product} {ergonomic}
     bool UseCompressedOops                        = true                                 {lp64_product} {ergonomic}
     bool UseG1GC                                  = true                                      {product} {ergonomic}
     bool UseLargePagesIndividualAllocation        = false                                  {pd product} {ergonomic}

Logging:
Log output configuration:
 #0: stdout all=warning uptime,level,tags
 #1: stderr all=off uptime,level,tags

Environment Variables:
PATH=C:\Program Files\Common Files\Oracle\Java\javapath;C:\Program Files (x86)\Common Files\Oracle\Java\javapath;C:\Windows\system32;C:\Windows;C:\Windows\System32\Wbem;C:\Windows\System32\WindowsPowerShell\v1.0\;C:\Windows\System32\OpenSSH\;C:\Program Files (x86)\NVIDIA Corporation\PhysX\Common;C:\Program Files\NVIDIA Corporation\NVIDIA NvDLISR;C:\Program Files\Git\cmd;C:\Program Files\Java\jdk-16.0.2\bin;C:\Users\busta\AppData\Local\Microsoft\WindowsApps;C:\Users\busta\AppData\Local\Programs\Microsoft VS Code\bin;C:\src\flutter\bin;C:\Program Files\Java\jre1.8.0_281\bin;
USERNAME=busta
OS=Windows_NT
PROCESSOR_IDENTIFIER=AMD64 Family 23 Model 1 Stepping 1, AuthenticAMD



---------------  S Y S T E M  ---------------

OS: Windows 10 , 64 bit Build 19041 (10.0.19041.1202)
OS uptime: 2 days 17:46 hours

CPU:total 8 (initial active 8) (8 cores per cpu, 2 threads per core) family 23 model 1 stepping 1 microcode 0x0, cmov, cx8, fxsr, mmx, sse, sse2, sse3, ssse3, sse4.1, sse4.2, popcnt, avx, avx2, aes, clmul, mmxext, 3dnowpref, lzcnt, sse4a, ht, tsc, tscinvbit, tscinv, bmi1, bmi2, adx, sh

Memory: 4k page, system-wide physical 8143M (2156M free)
TotalPageFile size 16847M (AvailPageFile size 6439M)
current process WorkingSet (physical memory assigned to process): 358M, peak: 366M
current process commit charge ("private bytes"): 423M, peak: 432M

vm_info: OpenJDK 64-Bit Server VM (11.0.10+0-b96-7249189) for windows-amd64 JRE (11.0.10+0-b96-7249189), built on Mar 31 2021 21:44:00 by "builder" with MS VC++ 14.0 (VS2015)

END.
